--------------------------------------------------------------------------------
      name:  <unnamed>
       log:  /Users/apollo/Documents/Melody/pystata/jamascript.log
  log type:  text
 opened on:   5 Jul 2024, 14:12:25

. . `a91a031ddf9ac825fcfd99b213ed07ec'
. include "/Users/apollo/.stata_kernel_cache/include.do"

. tempname __user_rc

. local `__user_rc' = _rc

. . `cc64df03024327541235dabb93f09e00'
. _StataKernelLog off

. include "/Users/apollo/.stata_kernel_cache/include.do"

. _StataKernelResetRC, num(``__user_rc'')

. macro drop _`__user_rc'

. macro drop ___user_rc

. . include "/Users/apollo/.stata_kernel_cache/include.do"

. global repo https://github.com/muzaale/forum/raw/main/ 

. global dir ~/documents/melody/local

. . include "/Users/apollo/.stata_kernel_cache/include.do"

. tempname __user_rc

. local `__user_rc' = _rc

. 
. include "/Users/apollo/.stata_kernel_cache/include.do"

. _StataKernelResetRC, num(``__user_rc'')

. macro drop _`__user_rc'

. macro drop ___user_rc

. . include "/Users/apollo/.stata_kernel_cache/include.do"

. use ${repo}esrdRisk_t02tT, clear
(Live Kidney Donors + NHANES III Nondonors, Unmatched time_tT + CMS)

. . include "/Users/apollo/.stata_kernel_cache/include.do"

. tempname __user_rc

. local `__user_rc' = _rc

. 
. include "/Users/apollo/.stata_kernel_cache/include.do"

. _StataKernelResetRC, num(``__user_rc'')

. macro drop _`__user_rc'

. macro drop ___user_rc

. . include "/Users/apollo/.stata_kernel_cache/include.do"

. tab donor rSMGJcEdF_d

                     |           rSMGJcEdF_d
               donor |  Censored       ESRD       Died |     Total
---------------------+---------------------------------+----------
               Donor |    95,184         99        934 |    96,217 
     HealthyNondonor |     8,570         17        777 |     9,364 
NotSoHealthyNondonor |     4,694        154      3,228 |     8,076 
---------------------+---------------------------------+----------
               Total |   108,448        270      4,939 |   113,657 

. g entry = rSMGJcEdF_t0

. . include "/Users/apollo/.stata_kernel_cache/include.do"

. tempname __user_rc

. local `__user_rc' = _rc

. 
. include "/Users/apollo/.stata_kernel_cache/include.do"

. _StataKernelResetRC, num(``__user_rc'')

. macro drop _`__user_rc'

. macro drop ___user_rc

. 